<?xml version="1.0" encoding="UTF-8"?>
<!-- Generated by org.testng.reporters.JUnitXMLReporter -->
<testsuite hostname="Lakshmis-MacBook-Pro.local" ignored="0" name="Default test(failed)" tests="1" failures="0" timestamp="2023-06-10T08:54:43 MST" time="10.01" errors="0">
  <testcase name="@AfterMethod tearDownAfterTestMethod" time="0.001" classname="com.automation.BaseTests.BaseTestPOM">
    <failure type="java.lang.NullPointerException">
      <![CDATA[java.lang.NullPointerException
at com.automation.BaseTests.BaseTestPOM.tearDownAfterTestMethod(BaseTestPOM.java:74)
at java.util.ArrayList.forEach(ArrayList.java:1259)
... Removed 32 stack frames]]>
    </failure>
  </testcase> <!-- @AfterMethod tearDownAfterTestMethod -->
  <testcase name="login_to_salesforce_testscript" time="5.792" classname="com.automation.tests.automationScripts"/>
</testsuite> <!-- Default test(failed) -->
