<?xml version="1.0" encoding="UTF-8"?>
<!-- Generated by org.testng.reporters.JUnitXMLReporter -->
<testsuite hostname="Lakshmis-MacBook-Pro.local" ignored="0" name="Default test" tests="1" failures="1" timestamp="2023-06-16T22:09:46 MST" time="7.665" errors="0">
  <testcase name="runScenario" time="6.543" classname="io.cucumber.testng.AbstractTestNGCucumberTests">
    <failure type="java.lang.NullPointerException">
      <![CDATA[java.lang.NullPointerException
at com.automation.steps.SalesforceStepDef.verify_page_title_as(SalesforceStepDef.java:128)
at ✽.verify home page title as "Home Page ~ Salesforce - Developer Edition"(file:///Users/lakshmidevalla/java_May_2023/CucumberSeleniumPOMFramework/src/test/resources/features/salesforceFeature.feature:10)
]]>
    </failure>
  </testcase> <!-- runScenario -->
</testsuite> <!-- Default test -->
