<?xml version="1.0" encoding="UTF-8"?>
<!-- Generated by org.testng.reporters.JUnitXMLReporter -->
<testsuite hostname="Lakshmis-MacBook-Pro.local" ignored="0" name="Tests" tests="1" failures="1" timestamp="2023-06-10T08:19:08 MST" time="8.861" errors="0">
  <testcase name="login_to_salesforce_testscript" time="4.332" classname="com.automation.tests.automationScripts">
    <failure type="java.lang.NullPointerException">
      <![CDATA[java.lang.NullPointerException
at java.util.Objects.requireNonNull(Objects.java:203)
at org.openqa.selenium.support.ui.FluentWait.<init>(FluentWait.java:106)
at org.openqa.selenium.support.ui.WebDriverWait.<init>(WebDriverWait.java:85)
at org.openqa.selenium.support.ui.WebDriverWait.<init>(WebDriverWait.java:45)
at com.automation.pages.base.BasePage.WaitUntilElementVisible(BasePage.java:82)
at com.automation.pages.base.BasePage.loginButton(BasePage.java:63)
at com.automation.pages.login.LoginPage.clcikButton(LoginPage.java:45)
at com.automation.tests.automationScripts.login_to_salesforce_testscript(automationScripts.java:63)
at java.util.ArrayList.forEach(ArrayList.java:1259)
... Removed 27 stack frames]]>
    </failure>
  </testcase> <!-- login_to_salesforce_testscript -->
</testsuite> <!-- Tests -->
