<?xml version="1.0" encoding="UTF-8"?>
<testng-results skipped="0" failed="1" ignored="0" total="1" passed="0">
  <reporter-output>
  </reporter-output>
  <suite name="Default suite" duration-ms="7665" started-at="2023-06-16T22:09:38 MST" finished-at="2023-06-16T22:09:45 MST">
    <groups>
      <group name="cucumber">
        <method signature="AbstractTestNGCucumberTests.runScenario(io.cucumber.testng.PickleWrapper,io.cucumber.testng.FeatureWrapper)[pri:0, instance:com.automation.runners.SalesforceRunner@12c8a2c0]" name="runScenario" class="io.cucumber.testng.AbstractTestNGCucumberTests"/>
      </group> <!-- cucumber -->
    </groups>
    <test name="Default test" duration-ms="7665" started-at="2023-06-16T22:09:38 MST" finished-at="2023-06-16T22:09:45 MST">
      <class name="com.automation.runners.SalesforceRunner">
        <test-method status="PASS" signature="setUpClass(org.testng.ITestContext)[pri:0, instance:com.automation.runners.SalesforceRunner@12c8a2c0]" name="setUpClass" is-config="true" duration-ms="1086" started-at="2023-06-16T22:09:38 MST" finished-at="2023-06-16T22:09:39 MST">
          <params>
            <param index="0">
              <value>
                <![CDATA[org.testng.TestRunner@4d2a1da3]]>
              </value>
            </param>
          </params>
          <reporter-output>
          </reporter-output>
        </test-method> <!-- setUpClass -->
        <test-method status="FAIL" signature="runScenario(io.cucumber.testng.PickleWrapper,io.cucumber.testng.FeatureWrapper)[pri:0, instance:com.automation.runners.SalesforceRunner@12c8a2c0]" name="runScenario" duration-ms="6543" started-at="2023-06-16T22:09:39 MST" description="Runs Cucumber Scenarios" data-provider="scenarios" finished-at="2023-06-16T22:09:45 MST">
          <params>
            <param index="0">
              <value>
                <![CDATA["login with correct credentials"]]>
              </value>
            </param>
            <param index="1">
              <value>
                <![CDATA["Login into salesforce application"]]>
              </value>
            </param>
          </params>
          <exception class="java.lang.NullPointerException">
            <full-stacktrace>
              <![CDATA[java.lang.NullPointerException
at com.automation.steps.SalesforceStepDef.verify_page_title_as(SalesforceStepDef.java:128)
at ✽.verify home page title as "Home Page ~ Salesforce - Developer Edition"(file:///Users/lakshmidevalla/java_May_2023/CucumberSeleniumPOMFramework/src/test/resources/features/salesforceFeature.feature:10)
]]>
            </full-stacktrace>
          </exception> <!-- java.lang.NullPointerException -->
          <reporter-output>
          </reporter-output>
        </test-method> <!-- runScenario -->
        <test-method status="PASS" signature="tearDownClass()[pri:0, instance:com.automation.runners.SalesforceRunner@12c8a2c0]" name="tearDownClass" is-config="true" duration-ms="7" started-at="2023-06-16T22:09:45 MST" finished-at="2023-06-16T22:09:45 MST">
          <reporter-output>
          </reporter-output>
        </test-method> <!-- tearDownClass -->
      </class> <!-- com.automation.runners.SalesforceRunner -->
    </test> <!-- Default test -->
  </suite> <!-- Default suite -->
</testng-results>
