<?xml version="1.0" encoding="UTF-8"?>
<testng-results skipped="0" failed="1" ignored="3" total="4" passed="0">
  <reporter-output>
  </reporter-output>
  <suite name="Default suite" duration-ms="6117" started-at="2023-06-13T08:57:38 MST" finished-at="2023-06-13T08:57:44 MST">
    <groups>
    </groups>
    <test name="Default test" duration-ms="6117" started-at="2023-06-13T08:57:38 MST" finished-at="2023-06-13T08:57:44 MST">
      <class name="com.automation.tests.automationScripts">
        <test-method status="PASS" signature="BeforeTest()[pri:0, instance:com.automation.tests.automationScripts@569cfc36]" name="BeforeTest" is-config="true" duration-ms="523" started-at="2023-06-13T08:57:38 MST" finished-at="2023-06-13T08:57:39 MST">
          <reporter-output>
          </reporter-output>
        </test-method> <!-- BeforeTest -->
        <test-method status="PASS" signature="BeforeMethod(java.lang.String)[pri:0, instance:com.automation.tests.automationScripts@569cfc36]" name="BeforeMethod" is-config="true" duration-ms="3510" started-at="2023-06-13T08:57:39 MST" finished-at="2023-06-13T08:57:42 MST">
          <params>
            <param index="0">
              <value>
                <![CDATA[chrome]]>
              </value>
            </param>
          </params>
          <reporter-output>
          </reporter-output>
        </test-method> <!-- BeforeMethod -->
        <test-method status="FAIL" signature="TC_3_Home_page()[pri:0, instance:com.automation.tests.automationScripts@569cfc36]" name="TC_3_Home_page" duration-ms="2063" started-at="2023-06-13T08:57:42 MST" finished-at="2023-06-13T08:57:44 MST">
          <exception class="java.lang.NullPointerException">
            <full-stacktrace>
              <![CDATA[java.lang.NullPointerException
at java.util.Objects.requireNonNull(Objects.java:203)
at org.openqa.selenium.support.ui.FluentWait.<init>(FluentWait.java:106)
at org.openqa.selenium.support.ui.WebDriverWait.<init>(WebDriverWait.java:85)
at org.openqa.selenium.support.ui.WebDriverWait.<init>(WebDriverWait.java:45)
at com.automation.pages.base.BasePage.elementToBeClickable(BasePage.java:120)
at com.automation.pages.base.BasePage.clickOnElement(BasePage.java:95)
at com.automation.pages.home.HomePage.clickOnUserMenu(HomePage.java:29)
at com.automation.tests.automationScripts.TC_3_Home_page(automationScripts.java:118)
at sun.reflect.NativeMethodAccessorImpl.invoke0(Native Method)
at sun.reflect.NativeMethodAccessorImpl.invoke(NativeMethodAccessorImpl.java:62)
at sun.reflect.DelegatingMethodAccessorImpl.invoke(DelegatingMethodAccessorImpl.java:43)
at java.lang.reflect.Method.invoke(Method.java:498)
at org.testng.internal.MethodInvocationHelper.invokeMethod(MethodInvocationHelper.java:133)
at org.testng.internal.TestInvoker.invokeMethod(TestInvoker.java:598)
at org.testng.internal.TestInvoker.invokeTestMethod(TestInvoker.java:173)
at org.testng.internal.MethodRunner.runInSequence(MethodRunner.java:46)
at org.testng.internal.TestInvoker$MethodInvocationAgent.invoke(TestInvoker.java:824)
at org.testng.internal.TestInvoker.invokeTestMethods(TestInvoker.java:146)
at org.testng.internal.TestMethodWorker.invokeTestMethods(TestMethodWorker.java:146)
at org.testng.internal.TestMethodWorker.run(TestMethodWorker.java:128)
at java.util.ArrayList.forEach(ArrayList.java:1259)
at org.testng.TestRunner.privateRun(TestRunner.java:794)
at org.testng.TestRunner.run(TestRunner.java:596)
at org.testng.SuiteRunner.runTest(SuiteRunner.java:377)
at org.testng.SuiteRunner.runSequentially(SuiteRunner.java:371)
at org.testng.SuiteRunner.privateRun(SuiteRunner.java:332)
at org.testng.SuiteRunner.run(SuiteRunner.java:276)
at org.testng.SuiteRunnerWorker.runSuite(SuiteRunnerWorker.java:53)
at org.testng.SuiteRunnerWorker.run(SuiteRunnerWorker.java:96)
at org.testng.TestNG.runSuitesSequentially(TestNG.java:1212)
at org.testng.TestNG.runSuitesLocally(TestNG.java:1134)
at org.testng.TestNG.runSuites(TestNG.java:1063)
at org.testng.TestNG.run(TestNG.java:1031)
at org.testng.remote.AbstractRemoteTestNG.run(AbstractRemoteTestNG.java:115)
at org.testng.remote.RemoteTestNG.initAndRun(RemoteTestNG.java:251)
at org.testng.remote.RemoteTestNG.main(RemoteTestNG.java:77)
]]>
            </full-stacktrace>
          </exception> <!-- java.lang.NullPointerException -->
          <reporter-output>
          </reporter-output>
        </test-method> <!-- TC_3_Home_page -->
      </class> <!-- com.automation.tests.automationScripts -->
    </test> <!-- Default test -->
  </suite> <!-- Default suite -->
</testng-results>
