<?xml version="1.0" encoding="UTF-8"?>
<!-- Generated by org.testng.reporters.JUnitReportReporter -->
<testsuite skipped="0" hostname="Lakshmis-MacBook-Pro.local" name="com.automation.runners.SalesforceRunner" tests="1" failures="0" timestamp="2023-06-16T22:09:46 MST" time="6.543" errors="1">
  <testcase name="runScenario" time="6.543" classname="com.automation.runners.SalesforceRunner">
    <error type="java.lang.NullPointerException">
      <![CDATA[java.lang.NullPointerException
at com.automation.steps.SalesforceStepDef.verify_page_title_as(SalesforceStepDef.java:128)
at ✽.verify home page title as "Home Page ~ Salesforce - Developer Edition"(file:///Users/lakshmidevalla/java_May_2023/CucumberSeleniumPOMFramework/src/test/resources/features/salesforceFeature.feature:10)
]]>
    </error>
  </testcase> <!-- runScenario -->
  <system-out/>
</testsuite> <!-- com.automation.runners.SalesforceRunner -->
